2020-07-10T19:21:45.199484+09:00 0 [Warning] [MY-011070] [Server] 'Disabling symbolic links using --skip-symbolic-links (or equivalent) is the default. Consider not using this option as it' is deprecated and will be removed in a future release.
2020-07-10T19:21:45.199718+09:00 0 [System] [MY-013169] [Server] /usr/sbin/mysqld (mysqld 8.0.20) initializing of server in progress as process 43
2020-07-10T19:21:45.227575+09:00 1 [System] [MY-013576] [InnoDB] InnoDB initialization has started.
2020-07-10T19:21:46.859320+09:00 1 [System] [MY-013577] [InnoDB] InnoDB initialization has ended.
2020-07-10T19:21:50.916967+09:00 6 [Warning] [MY-010453] [Server] root@localhost is created with an empty password ! Please consider switching off the --initialize-insecure option.
2020-07-10T19:22:14.499282+09:00 0 [Warning] [MY-011070] [Server] 'Disabling symbolic links using --skip-symbolic-links (or equivalent) is the default. Consider not using this option as it' is deprecated and will be removed in a future release.
2020-07-10T19:22:14.499785+09:00 0 [System] [MY-010116] [Server] /usr/sbin/mysqld (mysqld 8.0.20) starting as process 90
2020-07-10T19:22:14.564187+09:00 1 [System] [MY-013576] [InnoDB] InnoDB initialization has started.
2020-07-10T19:22:15.282116+09:00 1 [System] [MY-013577] [InnoDB] InnoDB initialization has ended.
2020-07-10T19:22:15.636945+09:00 0 [System] [MY-011323] [Server] X Plugin ready for connections. Socket: '/var/run/mysqld/mysqlx.sock'
2020-07-10T19:22:16.433895+09:00 0 [Warning] [MY-010068] [Server] CA certificate ca.pem is self signed.
2020-07-10T19:22:16.439005+09:00 0 [Warning] [MY-011810] [Server] Insecure configuration for --pid-file: Location '/var/run/mysqld' in the path is accessible to all OS users. Consider choosing a different directory.
2020-07-10T19:22:16.515738+09:00 0 [System] [MY-010931] [Server] /usr/sbin/mysqld: ready for connections. Version: '8.0.20'  socket: '/var/run/mysqld/mysqld.sock'  port: 0  MySQL Community Server - GPL.
2020-07-10T19:22:42.609706+09:00 14 [System] [MY-013172] [Server] Received SHUTDOWN from user root. Shutting down mysqld (Version: 8.0.20).
2020-07-10T19:22:44.655571+09:00 0 [System] [MY-010910] [Server] /usr/sbin/mysqld: Shutdown complete (mysqld 8.0.20)  MySQL Community Server - GPL.
2020-07-10T19:22:45.988971+09:00 0 [Warning] [MY-011070] [Server] 'Disabling symbolic links using --skip-symbolic-links (or equivalent) is the default. Consider not using this option as it' is deprecated and will be removed in a future release.
2020-07-10T19:22:45.989405+09:00 0 [System] [MY-010116] [Server] /usr/sbin/mysqld (mysqld 8.0.20) starting as process 1
2020-07-10T19:22:46.013304+09:00 1 [System] [MY-013576] [InnoDB] InnoDB initialization has started.
2020-07-10T19:22:46.565360+09:00 1 [System] [MY-013577] [InnoDB] InnoDB initialization has ended.
2020-07-10T19:22:47.079775+09:00 0 [System] [MY-011323] [Server] X Plugin ready for connections. Socket: '/var/run/mysqld/mysqlx.sock' bind-address: '::' port: 33060
2020-07-10T19:22:47.442293+09:00 0 [Warning] [MY-010068] [Server] CA certificate ca.pem is self signed.
2020-07-10T19:22:47.452273+09:00 0 [Warning] [MY-011810] [Server] Insecure configuration for --pid-file: Location '/var/run/mysqld' in the path is accessible to all OS users. Consider choosing a different directory.
2020-07-10T19:22:47.511948+09:00 0 [System] [MY-010931] [Server] /usr/sbin/mysqld: ready for connections. Version: '8.0.20'  socket: '/var/run/mysqld/mysqld.sock'  port: 3306  MySQL Community Server - GPL.
